
=== Sat Apr 15 17:50:14 2023

Packages were changed.
Update Mode: updateDependencies

The following packages were added:
  com.unity.package-manager-ui@2.0.8

=== Sat Apr 15 18:08:24 2023

Packages were changed.
Update Mode: resetToDefaultDependencies

The following packages were updated:
  com.unity.analytics from version 3.6.12 to 3.2.2
  com.unity.purchasing from version 4.5.1 to 2.0.3
  com.unity.ads from version 3.7.5 to 2.0.8
  com.unity.textmeshpro from version 3.0.6 to 1.4.1
  com.unity.collab-proxy from version 1.17.7 to 1.2.15
The following packages were removed:
  com.unity.2d.sprite@1.0.0
  com.unity.2d.tilemap@1.0.0
  com.unity.ide.rider@3.0.16
  com.unity.ide.visualstudio@2.0.16
  com.unity.ide.vscode@1.2.5
  com.unity.multiplayer-hlapi@1.0.6
  com.unity.test-framework@1.1.31
  com.unity.timeline@1.6.4
  com.unity.ugui@1.0.0
  com.unity.xr.arcore@4.2.7
  com.unity.xr.arfoundation@4.2.7
  com.unity.xr.arkit@4.2.7
  com.unity.modules.androidjni@1.0.0
